<?xml version="1.0" encoding="UTF-8"?>
<!-- Generated by org.testng.reporters.JUnitReportReporter -->
<testsuite hostname="LAPTOP-33CIC546" failures="0" tests="3" name="tc_Repository.Assignment1" time="52.850" errors="0" timestamp="2024-08-31T20:37:54 IST" skipped="0">
  <testcase classname="tc_Repository.Assignment1" name="ass1" time="15.998"/>
  <testcase classname="tc_Repository.Assignment1" name="ass1" time="17.072"/>
  <testcase classname="tc_Repository.Assignment1" name="ass1" time="19.780"/>
</testsuite> <!-- tc_Repository.Assignment1 -->
